TN:
SF:D:/Blockchain-Solidity/geon-contracts-audit/contracts/ERC223ReceivingContract.sol
FNF:0
FNH:0
LF:0
LH:0
BRF:0
BRH:0
end_of_record
TN:
SF:D:/Blockchain-Solidity/geon-contracts-audit/contracts/GEONBabyToken.sol
FN:36,
FN:41,startRedemptions
FN:51,redeem
FN:62,redemptionOf
FN:67,redeemableBalanceOf
FN:77,redeemableLimitOf
FN:102,destroy
FNF:7
FNH:7
FNDA:16,
FNDA:10,startRedemptions
FNDA:13,redeem
FNDA:43,redemptionOf
FNDA:22,redeemableBalanceOf
FNDA:22,redeemableLimitOf
FNDA:3,destroy
DA:37,16
DA:42,10
DA:43,10
DA:44,10
DA:45,10
DA:46,10
DA:47,10
DA:52,13
DA:53,13
DA:54,3
DA:55,3
DA:56,3
DA:57,3
DA:58,3
DA:63,43
DA:68,22
DA:69,22
DA:70,22
DA:71,18
DA:73,4
DA:78,22
DA:79,1
DA:81,21
DA:82,21
DA:83,21
DA:84,4
DA:86,17
DA:87,17
DA:88,1
DA:90,16
DA:91,16
DA:92,6
DA:94,10
DA:95,10
DA:96,3
DA:98,7
DA:103,3
DA:104,1
DA:105,1
LF:39
LH:39
BRDA:42,1,0,10
BRDA:42,1,1,0
BRDA:43,2,0,10
BRDA:43,2,1,0
BRDA:52,3,0,13
BRDA:52,3,1,0
BRDA:53,4,0,3
BRDA:53,4,1,10
BRDA:70,5,0,18
BRDA:70,5,1,4
BRDA:78,6,0,1
BRDA:78,6,1,21
BRDA:83,7,0,4
BRDA:83,7,1,17
BRDA:87,8,0,1
BRDA:87,8,1,16
BRDA:91,9,0,6
BRDA:91,9,1,10
BRDA:95,10,0,3
BRDA:95,10,1,7
BRDA:103,11,0,1
BRDA:103,11,1,2
BRDA:104,12,0,1
BRDA:104,12,1,0
BRF:24
BRH:20
end_of_record
TN:
SF:D:/Blockchain-Solidity/geon-contracts-audit/contracts/GEONToken.sol
FN:25,claim
FN:30,transfer
FN:39,transferFrom
FN:48,callTokenFallback
FNF:4
FNH:4
FNDA:3,claim
FNDA:5,transfer
FNDA:3,transferFrom
FNDA:8,callTokenFallback
DA:26,3
DA:31,5
DA:32,5
DA:33,5
DA:35,5
DA:40,3
DA:41,3
DA:42,3
DA:44,3
DA:49,8
DA:50,8
DA:53,8
DA:54,5
DA:55,5
DA:56,5
LF:15
LH:15
BRDA:26,1,0,3
BRDA:26,1,1,0
BRDA:32,2,0,5
BRDA:32,2,1,0
BRDA:41,3,0,3
BRDA:41,3,1,0
BRDA:53,4,0,5
BRDA:53,4,1,3
BRF:8
BRH:5
end_of_record
TN:
SF:D:/Blockchain-Solidity/geon-contracts-audit/contracts/MigrateBalanceToken.sol
FN:19,
FN:30,migrated
FN:34,migrate
FN:48,batchMigrate
FN:54,balanceOf
FN:61,transfer
FN:66,approve
FNF:7
FNH:7
FNDA:9,
FNDA:15,migrated
FNDA:6,migrate
FNDA:1,batchMigrate
FNDA:7,balanceOf
FNDA:1,transfer
FNDA:1,approve
DA:20,9
DA:21,9
DA:24,9
DA:25,9
DA:26,9
DA:27,9
DA:31,15
DA:35,6
DA:36,6
DA:37,5
DA:38,5
DA:39,5
DA:40,5
DA:41,5
DA:42,5
DA:43,5
DA:45,1
DA:49,1
DA:50,1
DA:55,7
DA:56,4
DA:58,3
DA:62,1
DA:63,1
DA:67,1
DA:68,1
LF:26
LH:26
BRDA:20,1,0,9
BRDA:20,1,1,0
BRDA:35,2,0,6
BRDA:35,2,1,0
BRDA:36,3,0,5
BRDA:36,3,1,1
BRDA:55,4,0,4
BRDA:55,4,1,3
BRF:8
BRH:6
end_of_record
TN:
SF:D:/Blockchain-Solidity/geon-contracts-audit/contracts/TokenFallbackToken.sol
FN:18,
FN:23,tokenFallback
FNF:2
FNH:2
FNDA:7,
FNDA:5,tokenFallback
DA:19,7
DA:20,7
DA:24,5
DA:25,5
DA:26,5
DA:27,5
DA:28,5
DA:29,5
DA:30,5
LF:9
LH:9
BRDA:19,1,0,7
BRDA:19,1,1,0
BRDA:24,2,0,5
BRDA:24,2,1,0
BRF:4
BRH:2
end_of_record
